<?xml version="1.0" encoding="UTF-8"?>
<testng-results ignored="0" total="3" passed="3" failed="0" skipped="0">
  <reporter-output>
  </reporter-output>
  <suite started-at="2023-10-06T15:57:28 IST" name="Default suite" finished-at="2023-10-06T15:57:52 IST" duration-ms="24475">
    <groups>
    </groups>
    <test started-at="2023-10-06T15:57:28 IST" name="Default test" finished-at="2023-10-06T15:57:52 IST" duration-ms="24475">
      <class name="TestNg.DataProviders">
        <test-method signature="demo(java.lang.String,java.lang.String)[pri:0, instance:TestNg.DataProviders@18df8434]" started-at="2023-10-06T15:57:28 IST" name="demo" data-provider="getData" finished-at="2023-10-06T15:57:38 IST" duration-ms="10275" status="PASS">
          <params>
            <param index="0">
              <value>
                <![CDATA[Snehal]]>
              </value>
            </param>
            <param index="1">
              <value>
                <![CDATA[Katthuri]]>
              </value>
            </param>
          </params>
          <reporter-output>
          </reporter-output>
        </test-method> <!-- demo -->
        <test-method signature="demo(java.lang.String,java.lang.String)[pri:0, instance:TestNg.DataProviders@18df8434]" started-at="2023-10-06T15:57:38 IST" name="demo" data-provider="getData" finished-at="2023-10-06T15:57:45 IST" duration-ms="7004" status="PASS">
          <params>
            <param index="0">
              <value>
                <![CDATA[Sandeep]]>
              </value>
            </param>
            <param index="1">
              <value>
                <![CDATA[Katthuri]]>
              </value>
            </param>
          </params>
          <reporter-output>
          </reporter-output>
        </test-method> <!-- demo -->
        <test-method signature="demo(java.lang.String,java.lang.String)[pri:0, instance:TestNg.DataProviders@18df8434]" started-at="2023-10-06T15:57:45 IST" name="demo" data-provider="getData" finished-at="2023-10-06T15:57:52 IST" duration-ms="7139" status="PASS">
          <params>
            <param index="0">
              <value>
                <![CDATA[Pusad]]>
              </value>
            </param>
            <param index="1">
              <value>
                <![CDATA[Hyd]]>
              </value>
            </param>
          </params>
          <reporter-output>
          </reporter-output>
        </test-method> <!-- demo -->
      </class> <!-- TestNg.DataProviders -->
    </test> <!-- Default test -->
  </suite> <!-- Default suite -->
</testng-results>
